|--- feature_11 <= 300.00
|   |--- feature_7 <= 1407.50
|   |   |--- feature_10 <= 98.50
|   |   |   |--- feature_10 <= 64.00
|   |   |   |   |--- feature_10 <= 36.50
|   |   |   |   |   |--- feature_2 <= 4.00
|   |   |   |   |   |   |--- feature_18 <= 0.50
|   |   |   |   |   |   |   |--- feature_9 <= 2.50
|   |   |   |   |   |   |   |   |--- value: [70.00]
|   |   |   |   |   |   |   |--- feature_9 >  2.50
|   |   |   |   |   |   |   |   |--- feature_5 <= 22.50
|   |   |   |   |   |   |   |   |   |--- value: [68.00]
|   |   |   |   |   |   |   |   |--- feature_5 >  22.50
|   |   |   |   |   |   |   |   |   |--- value: [67.50]
|   |   |   |   |   |   |--- feature_18 >  0.50
|   |   |   |   |   |   |   |--- feature_14 <= 13.00
|   |   |   |   |   |   |   |   |--- value: [70.00]
|   |   |   |   |   |   |   |--- feature_14 >  13.00
|   |   |   |   |   |   |   |   |--- value: [75.00]
|   |   |   |   |   |--- feature_2 >  4.00
|   |   |   |   |   |   |--- feature_11 <= 32.50
|   |   |   |   |   |   |   |--- feature_11 <= 26.00
|   |   |   |   |   |   |   |   |--- value: [86.50]
|   |   |   |   |   |   |   |--- feature_11 >  26.00
|   |   |   |   |   |   |   |   |--- value: [90.00]
|   |   |   |   |   |   |--- feature_11 >  32.50
|   |   |   |   |   |   |   |--- feature_8 <= 82.00
|   |   |   |   |   |   |   |   |--- value: [70.00]
|   |   |   |   |   |   |   |--- feature_8 >  82.00
|   |   |   |   |   |   |   |   |--- value: [75.00]
|   |   |   |   |--- feature_10 >  36.50
|   |   |   |   |   |--- feature_4 <= 23.00
|   |   |   |   |   |   |--- feature_13 <= 124.50
|   |   |   |   |   |   |   |--- feature_14 <= 29.00
|   |   |   |   |   |   |   |   |--- value: [90.00]
|   |   |   |   |   |   |   |--- feature_14 >  29.00
|   |   |   |   |   |   |   |   |--- value: [95.00]
|   |   |   |   |   |   |--- feature_13 >  124.50
|   |   |   |   |   |   |   |--- value: [75.00]
|   |   |   |   |   |--- feature_4 >  23.00
|   |   |   |   |   |   |--- feature_1 <= 72.50
|   |   |   |   |   |   |   |--- feature_9 <= 7.00
|   |   |   |   |   |   |   |   |--- value: [130.00]
|   |   |   |   |   |   |   |--- feature_9 >  7.00
|   |   |   |   |   |   |   |   |--- value: [120.00]
|   |   |   |   |   |   |--- feature_1 >  72.50
|   |   |   |   |   |   |   |--- feature_7 <= 422.00
|   |   |   |   |   |   |   |   |--- feature_1 <= 100.00
|   |   |   |   |   |   |   |   |   |--- value: [91.50]
|   |   |   |   |   |   |   |   |--- feature_1 >  100.00
|   |   |   |   |   |   |   |   |   |--- value: [90.00]
|   |   |   |   |   |   |   |--- feature_7 >  422.00
|   |   |   |   |   |   |   |   |--- feature_15 <= 4.50
|   |   |   |   |   |   |   |   |   |--- value: [110.00]
|   |   |   |   |   |   |   |   |--- feature_15 >  4.50
|   |   |   |   |   |   |   |   |   |--- feature_11 <= 38.00
|   |   |   |   |   |   |   |   |   |   |--- value: [100.00]
|   |   |   |   |   |   |   |   |   |--- feature_11 >  38.00
|   |   |   |   |   |   |   |   |   |   |--- value: [105.00]
|   |   |   |--- feature_10 >  64.00
|   |   |   |   |--- feature_3 <= 50.50
|   |   |   |   |   |--- feature_17 <= 0.50
|   |   |   |   |   |   |--- feature_5 <= 13.50
|   |   |   |   |   |   |   |--- value: [180.00]
|   |   |   |   |   |   |--- feature_5 >  13.50
|   |   |   |   |   |   |   |--- feature_3 <= 40.00
|   |   |   |   |   |   |   |   |--- value: [140.00]
|   |   |   |   |   |   |   |--- feature_3 >  40.00
|   |   |   |   |   |   |   |   |--- feature_14 <= 203.00
|   |   |   |   |   |   |   |   |   |--- value: [145.00]
|   |   |   |   |   |   |   |   |--- feature_14 >  203.00
|   |   |   |   |   |   |   |   |   |--- value: [150.00]
|   |   |   |   |   |--- feature_17 >  0.50
|   |   |   |   |   |   |--- feature_7 <= 793.50
|   |   |   |   |   |   |   |--- value: [175.00]
|   |   |   |   |   |   |--- feature_7 >  793.50
|   |   |   |   |   |   |   |--- value: [195.00]
|   |   |   |   |--- feature_3 >  50.50
|   |   |   |   |   |--- feature_9 <= 19.00
|   |   |   |   |   |   |--- feature_18 <= 0.50
|   |   |   |   |   |   |   |--- value: [80.00]
|   |   |   |   |   |   |--- feature_18 >  0.50
|   |   |   |   |   |   |   |--- feature_8 <= 110.00
|   |   |   |   |   |   |   |   |--- value: [100.00]
|   |   |   |   |   |   |   |--- feature_8 >  110.00
|   |   |   |   |   |   |   |   |--- feature_8 <= 133.00
|   |   |   |   |   |   |   |   |   |--- value: [120.00]
|   |   |   |   |   |   |   |   |--- feature_8 >  133.00
|   |   |   |   |   |   |   |   |   |--- value: [110.00]
|   |   |   |   |   |--- feature_9 >  19.00
|   |   |   |   |   |   |--- feature_12 <= 64.00
|   |   |   |   |   |   |   |--- value: [165.00]
|   |   |   |   |   |   |--- feature_12 >  64.00
|   |   |   |   |   |   |   |--- value: [145.00]
|   |   |--- feature_10 >  98.50
|   |   |   |--- feature_0 <= 406.00
|   |   |   |   |--- feature_0 <= 363.00
|   |   |   |   |   |--- feature_7 <= 1296.50
|   |   |   |   |   |   |--- feature_12 <= 117.50
|   |   |   |   |   |   |   |--- feature_12 <= 96.00
|   |   |   |   |   |   |   |   |--- feature_11 <= 107.50
|   |   |   |   |   |   |   |   |   |--- feature_2 <= 2.50
|   |   |   |   |   |   |   |   |   |   |--- value: [230.00]
|   |   |   |   |   |   |   |   |   |--- feature_2 >  2.50
|   |   |   |   |   |   |   |   |   |   |--- feature_2 <= 6.50
|   |   |   |   |   |   |   |   |   |   |   |--- value: [250.00]
|   |   |   |   |   |   |   |   |   |   |--- feature_2 >  6.50
|   |   |   |   |   |   |   |   |   |   |   |--- value: [247.50]
|   |   |   |   |   |   |   |   |--- feature_11 >  107.50
|   |   |   |   |   |   |   |   |   |--- feature_2 <= 6.50
|   |   |   |   |   |   |   |   |   |   |--- value: [275.00]
|   |   |   |   |   |   |   |   |   |--- feature_2 >  6.50
|   |   |   |   |   |   |   |   |   |   |--- value: [265.00]
|   |   |   |   |   |   |   |--- feature_12 >  96.00
|   |   |   |   |   |   |   |   |--- feature_17 <= 0.50
|   |   |   |   |   |   |   |   |   |--- value: [190.00]
|   |   |   |   |   |   |   |   |--- feature_17 >  0.50
|   |   |   |   |   |   |   |   |   |--- feature_10 <= 157.00
|   |   |   |   |   |   |   |   |   |   |--- value: [225.00]
|   |   |   |   |   |   |   |   |   |--- feature_10 >  157.00
|   |   |   |   |   |   |   |   |   |   |--- value: [210.00]
|   |   |   |   |   |   |--- feature_12 >  117.50
|   |   |   |   |   |   |   |--- feature_4 <= 32.50
|   |   |   |   |   |   |   |   |--- value: [305.00]
|   |   |   |   |   |   |   |--- feature_4 >  32.50
|   |   |   |   |   |   |   |   |--- feature_17 <= 0.50
|   |   |   |   |   |   |   |   |   |--- value: [297.50]
|   |   |   |   |   |   |   |   |--- feature_17 >  0.50
|   |   |   |   |   |   |   |   |   |--- value: [300.00]
|   |   |   |   |   |--- feature_7 >  1296.50
|   |   |   |   |   |   |--- feature_4 <= 28.00
|   |   |   |   |   |   |   |--- feature_13 <= 122.00
|   |   |   |   |   |   |   |   |--- value: [375.00]
|   |   |   |   |   |   |   |--- feature_13 >  122.00
|   |   |   |   |   |   |   |   |--- value: [340.00]
|   |   |   |   |   |   |--- feature_4 >  28.00
|   |   |   |   |   |   |   |--- feature_14 <= 87.50
|   |   |   |   |   |   |   |   |--- value: [300.00]
|   |   |   |   |   |   |   |--- feature_14 >  87.50
|   |   |   |   |   |   |   |   |--- value: [277.50]
|   |   |   |   |--- feature_0 >  363.00
|   |   |   |   |   |--- feature_8 <= 277.00
|   |   |   |   |   |   |--- value: [415.00]
|   |   |   |   |   |--- feature_8 >  277.00
|   |   |   |   |   |   |--- value: [350.00]
|   |   |   |--- feature_0 >  406.00
|   |   |   |   |--- feature_3 <= 95.50
|   |   |   |   |   |--- feature_14 <= 247.00
|   |   |   |   |   |   |--- feature_0 <= 588.00
|   |   |   |   |   |   |   |--- feature_5 <= 27.00
|   |   |   |   |   |   |   |   |--- value: [185.00]
|   |   |   |   |   |   |   |--- feature_5 >  27.00
|   |   |   |   |   |   |   |   |--- feature_9 <= 14.00
|   |   |   |   |   |   |   |   |   |--- value: [202.50]
|   |   |   |   |   |   |   |   |--- feature_9 >  14.00
|   |   |   |   |   |   |   |   |   |--- feature_9 <= 21.50
|   |   |   |   |   |   |   |   |   |   |--- value: [210.00]
|   |   |   |   |   |   |   |   |   |--- feature_9 >  21.50
|   |   |   |   |   |   |   |   |   |   |--- value: [215.00]
|   |   |   |   |   |   |--- feature_0 >  588.00
|   |   |   |   |   |   |   |--- feature_14 <= 8.00
|   |   |   |   |   |   |   |   |--- value: [165.00]
|   |   |   |   |   |   |   |--- feature_14 >  8.00
|   |   |   |   |   |   |   |   |--- value: [160.00]
|   |   |   |   |   |--- feature_14 >  247.00
|   |   |   |   |   |   |--- feature_12 <= 77.50
|   |   |   |   |   |   |   |--- feature_14 <= 347.00
|   |   |   |   |   |   |   |   |--- value: [150.00]
|   |   |   |   |   |   |   |--- feature_14 >  347.00
|   |   |   |   |   |   |   |   |--- value: [155.00]
|   |   |   |   |   |   |--- feature_12 >  77.50
|   |   |   |   |   |   |   |--- value: [160.00]
|   |   |   |   |--- feature_3 >  95.50
|   |   |   |   |   |--- value: [300.00]
|   |--- feature_7 >  1407.50
|   |   |--- feature_4 <= 84.00
|   |   |   |--- feature_3 <= 29.50
|   |   |   |   |--- feature_5 <= 19.00
|   |   |   |   |   |--- value: [341.67]
|   |   |   |   |--- feature_5 >  19.00
|   |   |   |   |   |--- feature_2 <= 7.50
|   |   |   |   |   |   |--- value: [240.00]
|   |   |   |   |   |--- feature_2 >  7.50
|   |   |   |   |   |   |--- value: [275.00]
|   |   |   |--- feature_3 >  29.50
|   |   |   |   |--- feature_7 <= 1910.50
|   |   |   |   |   |--- feature_11 <= 162.50
|   |   |   |   |   |   |--- feature_15 <= 3.50
|   |   |   |   |   |   |   |--- feature_9 <= 12.50
|   |   |   |   |   |   |   |   |--- value: [326.67]
|   |   |   |   |   |   |   |--- feature_9 >  12.50
|   |   |   |   |   |   |   |   |--- value: [240.00]
|   |   |   |   |   |   |--- feature_15 >  3.50
|   |   |   |   |   |   |   |--- feature_15 <= 14.00
|   |   |   |   |   |   |   |   |--- feature_8 <= 419.00
|   |   |   |   |   |   |   |   |   |--- feature_10 <= 236.50
|   |   |   |   |   |   |   |   |   |   |--- feature_5 <= 46.00
|   |   |   |   |   |   |   |   |   |   |   |--- value: [431.50]
|   |   |   |   |   |   |   |   |   |   |--- feature_5 >  46.00
|   |   |   |   |   |   |   |   |   |   |   |--- value: [425.00]
|   |   |   |   |   |   |   |   |   |--- feature_10 >  236.50
|   |   |   |   |   |   |   |   |   |   |--- value: [400.00]
|   |   |   |   |   |   |   |   |--- feature_8 >  419.00
|   |   |   |   |   |   |   |   |   |--- feature_0 <= 581.00
|   |   |   |   |   |   |   |   |   |   |--- value: [385.00]
|   |   |   |   |   |   |   |   |   |--- feature_0 >  581.00
|   |   |   |   |   |   |   |   |   |   |--- value: [350.00]
|   |   |   |   |   |   |   |--- feature_15 >  14.00
|   |   |   |   |   |   |   |   |--- feature_3 <= 74.50
|   |   |   |   |   |   |   |   |   |--- value: [550.00]
|   |   |   |   |   |   |   |   |--- feature_3 >  74.50
|   |   |   |   |   |   |   |   |   |--- value: [475.00]
|   |   |   |   |   |--- feature_11 >  162.50
|   |   |   |   |   |   |--- feature_11 <= 213.50
|   |   |   |   |   |   |   |--- feature_10 <= 184.00
|   |   |   |   |   |   |   |   |--- value: [700.00]
|   |   |   |   |   |   |   |--- feature_10 >  184.00
|   |   |   |   |   |   |   |   |--- feature_5 <= 51.50
|   |   |   |   |   |   |   |   |   |--- feature_9 <= 28.00
|   |   |   |   |   |   |   |   |   |   |--- value: [512.50]
|   |   |   |   |   |   |   |   |   |--- feature_9 >  28.00
|   |   |   |   |   |   |   |   |   |   |--- value: [550.00]
|   |   |   |   |   |   |   |   |--- feature_5 >  51.50
|   |   |   |   |   |   |   |   |   |--- feature_7 <= 1671.00
|   |   |   |   |   |   |   |   |   |   |--- value: [612.50]
|   |   |   |   |   |   |   |   |   |--- feature_7 >  1671.00
|   |   |   |   |   |   |   |   |   |   |--- value: [575.00]
|   |   |   |   |   |   |--- feature_11 >  213.50
|   |   |   |   |   |   |   |--- feature_15 <= 4.00
|   |   |   |   |   |   |   |   |--- feature_3 <= 37.50
|   |   |   |   |   |   |   |   |   |--- value: [385.00]
|   |   |   |   |   |   |   |   |--- feature_3 >  37.50
|   |   |   |   |   |   |   |   |   |--- value: [425.00]
|   |   |   |   |   |   |   |--- feature_15 >  4.00
|   |   |   |   |   |   |   |   |--- feature_5 <= 52.50
|   |   |   |   |   |   |   |   |   |--- value: [500.00]
|   |   |   |   |   |   |   |   |--- feature_5 >  52.50
|   |   |   |   |   |   |   |   |   |--- value: [480.00]
|   |   |   |   |--- feature_7 >  1910.50
|   |   |   |   |   |--- feature_14 <= 401.50
|   |   |   |   |   |   |--- feature_9 <= 39.50
|   |   |   |   |   |   |   |--- feature_6 <= 6.50
|   |   |   |   |   |   |   |   |--- feature_15 <= 11.00
|   |   |   |   |   |   |   |   |   |--- feature_8 <= 628.50
|   |   |   |   |   |   |   |   |   |   |--- value: [700.00]
|   |   |   |   |   |   |   |   |   |--- feature_8 >  628.50
|   |   |   |   |   |   |   |   |   |   |--- feature_13 <= 385.50
|   |   |   |   |   |   |   |   |   |   |   |--- value: [740.00]
|   |   |   |   |   |   |   |   |   |   |--- feature_13 >  385.50
|   |   |   |   |   |   |   |   |   |   |   |--- value: [765.00]
|   |   |   |   |   |   |   |   |--- feature_15 >  11.00
|   |   |   |   |   |   |   |   |   |--- value: [625.00]
|   |   |   |   |   |   |   |--- feature_6 >  6.50
|   |   |   |   |   |   |   |   |--- value: [875.00]
|   |   |   |   |   |   |--- feature_9 >  39.50
|   |   |   |   |   |   |   |--- feature_6 <= 8.00
|   |   |   |   |   |   |   |   |--- feature_5 <= 50.50
|   |   |   |   |   |   |   |   |   |--- value: [670.00]
|   |   |   |   |   |   |   |   |--- feature_5 >  50.50
|   |   |   |   |   |   |   |   |   |--- value: [600.00]
|   |   |   |   |   |   |   |--- feature_6 >  8.00
|   |   |   |   |   |   |   |   |--- value: [450.00]
|   |   |   |   |   |--- feature_14 >  401.50
|   |   |   |   |   |   |--- feature_7 <= 2545.00
|   |   |   |   |   |   |   |--- value: [640.00]
|   |   |   |   |   |   |--- feature_7 >  2545.00
|   |   |   |   |   |   |   |--- value: [90.00]
|   |   |--- feature_4 >  84.00
|   |   |   |--- feature_3 <= 95.50
|   |   |   |   |--- feature_13 <= 673.00
|   |   |   |   |   |--- value: [200.00]
|   |   |   |   |--- feature_13 >  673.00
|   |   |   |   |   |--- value: [100.00]
|   |   |   |--- feature_3 >  95.50
|   |   |   |   |--- feature_12 <= 79.50
|   |   |   |   |   |--- value: [250.00]
|   |   |   |   |--- feature_12 >  79.50
|   |   |   |   |   |--- value: [365.00]
|--- feature_11 >  300.00
|   |--- feature_5 <= 52.50
|   |   |--- feature_0 <= 366.50
|   |   |   |--- feature_6 <= 10.50
|   |   |   |   |--- feature_0 <= 334.00
|   |   |   |   |   |--- feature_7 <= 4002.50
|   |   |   |   |   |   |--- feature_9 <= 70.00
|   |   |   |   |   |   |   |--- value: [650.00]
|   |   |   |   |   |   |--- feature_9 >  70.00
|   |   |   |   |   |   |   |--- value: [737.50]
|   |   |   |   |   |--- feature_7 >  4002.50
|   |   |   |   |   |   |--- feature_4 <= 38.00
|   |   |   |   |   |   |   |--- value: [900.00]
|   |   |   |   |   |   |--- feature_4 >  38.00
|   |   |   |   |   |   |   |--- value: [800.00]
|   |   |   |   |--- feature_0 >  334.00
|   |   |   |   |   |--- value: [100.00]
|   |   |   |--- feature_6 >  10.50
|   |   |   |   |--- feature_3 <= 36.50
|   |   |   |   |   |--- feature_11 <= 472.50
|   |   |   |   |   |   |--- feature_4 <= 26.50
|   |   |   |   |   |   |   |--- value: [250.00]
|   |   |   |   |   |   |--- feature_4 >  26.50
|   |   |   |   |   |   |   |--- feature_8 <= 929.00
|   |   |   |   |   |   |   |   |--- feature_14 <= 22.50
|   |   |   |   |   |   |   |   |   |--- value: [450.00]
|   |   |   |   |   |   |   |   |--- feature_14 >  22.50
|   |   |   |   |   |   |   |   |   |--- value: [475.00]
|   |   |   |   |   |   |   |--- feature_8 >  929.00
|   |   |   |   |   |   |   |   |--- feature_13 <= 53.00
|   |   |   |   |   |   |   |   |   |--- value: [365.00]
|   |   |   |   |   |   |   |   |--- feature_13 >  53.00
|   |   |   |   |   |   |   |   |   |--- feature_11 <= 383.00
|   |   |   |   |   |   |   |   |   |   |--- value: [416.67]
|   |   |   |   |   |   |   |   |   |--- feature_11 >  383.00
|   |   |   |   |   |   |   |   |   |   |--- value: [400.00]
|   |   |   |   |   |--- feature_11 >  472.50
|   |   |   |   |   |   |--- feature_13 <= 68.00
|   |   |   |   |   |   |   |--- feature_8 <= 1857.50
|   |   |   |   |   |   |   |   |--- value: [275.00]
|   |   |   |   |   |   |   |--- feature_8 >  1857.50
|   |   |   |   |   |   |   |   |--- value: [325.00]
|   |   |   |   |   |   |--- feature_13 >  68.00
|   |   |   |   |   |   |   |--- feature_0 <= 248.00
|   |   |   |   |   |   |   |   |--- feature_12 <= 559.50
|   |   |   |   |   |   |   |   |   |--- value: [235.00]
|   |   |   |   |   |   |   |   |--- feature_12 >  559.50
|   |   |   |   |   |   |   |   |   |--- value: [260.00]
|   |   |   |   |   |   |   |--- feature_0 >  248.00
|   |   |   |   |   |   |   |   |--- feature_8 <= 1697.00
|   |   |   |   |   |   |   |   |   |--- value: [225.00]
|   |   |   |   |   |   |   |   |--- feature_8 >  1697.00
|   |   |   |   |   |   |   |   |   |--- value: [200.00]
|   |   |   |   |--- feature_3 >  36.50
|   |   |   |   |   |--- feature_8 <= 1753.00
|   |   |   |   |   |   |--- feature_14 <= 28.00
|   |   |   |   |   |   |   |--- value: [600.00]
|   |   |   |   |   |   |--- feature_14 >  28.00
|   |   |   |   |   |   |   |--- feature_14 <= 53.50
|   |   |   |   |   |   |   |   |--- value: [400.00]
|   |   |   |   |   |   |   |--- feature_14 >  53.50
|   |   |   |   |   |   |   |   |--- feature_16 <= 0.50
|   |   |   |   |   |   |   |   |   |--- value: [430.00]
|   |   |   |   |   |   |   |   |--- feature_16 >  0.50
|   |   |   |   |   |   |   |   |   |--- value: [450.00]
|   |   |   |   |   |--- feature_8 >  1753.00
|   |   |   |   |   |   |--- value: [1050.00]
|   |   |--- feature_0 >  366.50
|   |   |   |--- feature_3 <= 78.00
|   |   |   |   |--- feature_0 <= 460.50
|   |   |   |   |   |--- feature_5 <= 39.50
|   |   |   |   |   |   |--- feature_14 <= 22.50
|   |   |   |   |   |   |   |--- value: [675.00]
|   |   |   |   |   |   |--- feature_14 >  22.50
|   |   |   |   |   |   |   |--- feature_6 <= 15.50
|   |   |   |   |   |   |   |   |--- value: [850.00]
|   |   |   |   |   |   |   |--- feature_6 >  15.50
|   |   |   |   |   |   |   |   |--- value: [875.00]
|   |   |   |   |   |--- feature_5 >  39.50
|   |   |   |   |   |   |--- value: [1260.00]
|   |   |   |   |--- feature_0 >  460.50
|   |   |   |   |   |--- feature_13 <= 91.00
|   |   |   |   |   |   |--- feature_0 <= 488.00
|   |   |   |   |   |   |   |--- feature_10 <= 575.00
|   |   |   |   |   |   |   |   |--- value: [500.00]
|   |   |   |   |   |   |   |--- feature_10 >  575.00
|   |   |   |   |   |   |   |   |--- value: [587.50]
|   |   |   |   |   |   |--- feature_0 >  488.00
|   |   |   |   |   |   |   |--- value: [700.00]
|   |   |   |   |   |--- feature_13 >  91.00
|   |   |   |   |   |   |--- feature_18 <= 0.50
|   |   |   |   |   |   |   |--- feature_14 <= 384.00
|   |   |   |   |   |   |   |   |--- value: [850.00]
|   |   |   |   |   |   |   |--- feature_14 >  384.00
|   |   |   |   |   |   |   |   |--- value: [750.00]
|   |   |   |   |   |   |--- feature_18 >  0.50
|   |   |   |   |   |   |   |--- feature_6 <= 5.50
|   |   |   |   |   |   |   |   |--- feature_11 <= 313.50
|   |   |   |   |   |   |   |   |   |--- value: [700.00]
|   |   |   |   |   |   |   |   |--- feature_11 >  313.50
|   |   |   |   |   |   |   |   |   |--- value: [662.50]
|   |   |   |   |   |   |   |--- feature_6 >  5.50
|   |   |   |   |   |   |   |   |--- feature_7 <= 3088.50
|   |   |   |   |   |   |   |   |   |--- value: [750.00]
|   |   |   |   |   |   |   |   |--- feature_7 >  3088.50
|   |   |   |   |   |   |   |   |   |--- feature_1 <= 152.00
|   |   |   |   |   |   |   |   |   |   |--- value: [737.50]
|   |   |   |   |   |   |   |   |   |--- feature_1 >  152.00
|   |   |   |   |   |   |   |   |   |   |--- value: [740.00]
|   |   |   |--- feature_3 >  78.00
|   |   |   |   |--- feature_15 <= 14.00
|   |   |   |   |   |--- feature_12 <= 218.00
|   |   |   |   |   |   |--- value: [1175.00]
|   |   |   |   |   |--- feature_12 >  218.00
|   |   |   |   |   |   |--- value: [1200.00]
|   |   |   |   |--- feature_15 >  14.00
|   |   |   |   |   |--- feature_10 <= 345.50
|   |   |   |   |   |   |--- value: [775.00]
|   |   |   |   |   |--- feature_10 >  345.50
|   |   |   |   |   |   |--- value: [900.00]
|   |--- feature_5 >  52.50
|   |   |--- feature_13 <= 839.50
|   |   |   |--- feature_9 <= 14.50
|   |   |   |   |--- value: [1940.00]
|   |   |   |--- feature_9 >  14.50
|   |   |   |   |--- feature_3 <= 69.50
|   |   |   |   |   |--- feature_13 <= 298.50
|   |   |   |   |   |   |--- feature_1 <= 93.00
|   |   |   |   |   |   |   |--- value: [1100.00]
|   |   |   |   |   |   |--- feature_1 >  93.00
|   |   |   |   |   |   |   |--- feature_0 <= 439.00
|   |   |   |   |   |   |   |   |--- feature_18 <= 0.50
|   |   |   |   |   |   |   |   |   |--- value: [487.50]
|   |   |   |   |   |   |   |   |--- feature_18 >  0.50
|   |   |   |   |   |   |   |   |   |--- value: [535.00]
|   |   |   |   |   |   |   |--- feature_0 >  439.00
|   |   |   |   |   |   |   |   |--- feature_7 <= 3238.00
|   |   |   |   |   |   |   |   |   |--- value: [657.00]
|   |   |   |   |   |   |   |   |--- feature_7 >  3238.00
|   |   |   |   |   |   |   |   |   |--- feature_18 <= 0.50
|   |   |   |   |   |   |   |   |   |   |--- value: [740.00]
|   |   |   |   |   |   |   |   |   |--- feature_18 >  0.50
|   |   |   |   |   |   |   |   |   |   |--- value: [725.00]
|   |   |   |   |   |--- feature_13 >  298.50
|   |   |   |   |   |   |--- feature_12 <= 247.50
|   |   |   |   |   |   |   |--- value: [1150.00]
|   |   |   |   |   |   |--- feature_12 >  247.50
|   |   |   |   |   |   |   |--- feature_5 <= 63.00
|   |   |   |   |   |   |   |   |--- value: [940.00]
|   |   |   |   |   |   |   |--- feature_5 >  63.00
|   |   |   |   |   |   |   |   |--- value: [925.00]
|   |   |   |   |--- feature_3 >  69.50
|   |   |   |   |   |--- feature_5 <= 66.00
|   |   |   |   |   |   |--- feature_15 <= 10.00
|   |   |   |   |   |   |   |--- feature_6 <= 8.00
|   |   |   |   |   |   |   |   |--- value: [787.50]
|   |   |   |   |   |   |   |--- feature_6 >  8.00
|   |   |   |   |   |   |   |   |--- feature_5 <= 59.00
|   |   |   |   |   |   |   |   |   |--- feature_15 <= 6.50
|   |   |   |   |   |   |   |   |   |   |--- value: [1043.33]
|   |   |   |   |   |   |   |   |   |--- feature_15 >  6.50
|   |   |   |   |   |   |   |   |   |   |--- value: [1041.67]
|   |   |   |   |   |   |   |   |--- feature_5 >  59.00
|   |   |   |   |   |   |   |   |   |--- value: [950.00]
|   |   |   |   |   |   |--- feature_15 >  10.00
|   |   |   |   |   |   |   |--- value: [420.00]
|   |   |   |   |   |--- feature_5 >  66.00
|   |   |   |   |   |   |--- feature_0 <= 547.00
|   |   |   |   |   |   |   |--- feature_5 <= 82.00
|   |   |   |   |   |   |   |   |--- feature_15 <= 11.00
|   |   |   |   |   |   |   |   |   |--- feature_1 <= 120.50
|   |   |   |   |   |   |   |   |   |   |--- value: [1300.00]
|   |   |   |   |   |   |   |   |   |--- feature_1 >  120.50
|   |   |   |   |   |   |   |   |   |   |--- value: [1220.00]
|   |   |   |   |   |   |   |   |--- feature_15 >  11.00
|   |   |   |   |   |   |   |   |   |--- value: [1500.00]
|   |   |   |   |   |   |   |--- feature_5 >  82.00
|   |   |   |   |   |   |   |   |--- feature_11 <= 1050.50
|   |   |   |   |   |   |   |   |   |--- feature_12 <= 639.00
|   |   |   |   |   |   |   |   |   |   |--- value: [815.00]
|   |   |   |   |   |   |   |   |   |--- feature_12 >  639.00
|   |   |   |   |   |   |   |   |   |   |--- value: [933.33]
|   |   |   |   |   |   |   |   |--- feature_11 >  1050.50
|   |   |   |   |   |   |   |   |   |--- value: [535.00]
|   |   |   |   |   |   |--- feature_0 >  547.00
|   |   |   |   |   |   |   |--- feature_8 <= 952.50
|   |   |   |   |   |   |   |   |--- feature_7 <= 2767.50
|   |   |   |   |   |   |   |   |   |--- value: [1237.50]
|   |   |   |   |   |   |   |   |--- feature_7 >  2767.50
|   |   |   |   |   |   |   |   |   |--- value: [1350.00]
|   |   |   |   |   |   |   |--- feature_8 >  952.50
|   |   |   |   |   |   |   |   |--- feature_5 <= 91.00
|   |   |   |   |   |   |   |   |   |--- feature_16 <= 0.50
|   |   |   |   |   |   |   |   |   |   |--- value: [1861.46]
|   |   |   |   |   |   |   |   |   |--- feature_16 >  0.50
|   |   |   |   |   |   |   |   |   |   |--- value: [1900.00]
|   |   |   |   |   |   |   |   |--- feature_5 >  91.00
|   |   |   |   |   |   |   |   |   |--- value: [1600.00]
|   |   |--- feature_13 >  839.50
|   |   |   |--- feature_11 <= 1007.00
|   |   |   |   |--- feature_4 <= 101.50
|   |   |   |   |   |--- feature_14 <= 126.50
|   |   |   |   |   |   |--- feature_1 <= 137.00
|   |   |   |   |   |   |   |--- value: [1183.33]
|   |   |   |   |   |   |--- feature_1 >  137.00
|   |   |   |   |   |   |   |--- feature_3 <= 96.00
|   |   |   |   |   |   |   |   |--- value: [1310.00]
|   |   |   |   |   |   |   |--- feature_3 >  96.00
|   |   |   |   |   |   |   |   |--- value: [1300.00]
|   |   |   |   |   |--- feature_14 >  126.50
|   |   |   |   |   |   |--- value: [1800.00]
|   |   |   |   |--- feature_4 >  101.50
|   |   |   |   |   |--- feature_14 <= 81.00
|   |   |   |   |   |   |--- value: [1925.57]
|   |   |   |   |   |--- feature_14 >  81.00
|   |   |   |   |   |   |--- value: [1975.00]
|   |   |   |--- feature_11 >  1007.00
|   |   |   |   |--- value: [2460.00]
